<?xml version="1.0" encoding="UTF-8"?>
<!-- Generated by org.testng.reporters.JUnitXMLReporter -->
<testsuite hostname="NL03110" name="Surefire test" tests="1" failures="1" timestamp="16 Jul 2019 09:08:43 GMT" time="46.258" errors="0">
  <testcase name="feature" time="45.232" classname="com.lat.test.RunSeleniumGuiSuite">
    <failure type="cucumber.runtime.CucumberException" message="java.lang.AssertionError: expected [NoGratis] but found [Gratis]">
      <![CDATA[cucumber.runtime.CucumberException: java.lang.AssertionError: expected [NoGratis] but found [Gratis]
	at cucumber.api.testng.TestNGCucumberRunner.runCucumber(TestNGCucumberRunner.java:69)
	at cucumber.api.testng.AbstractTestNGCucumberTests.feature(AbstractTestNGCucumberTests.java:21)
Caused by: java.lang.AssertionError: expected [NoGratis] but found [Gratis]
	at com.lat.test.steps.pages.FreeShippingPages.verifyShippingCost(FreeShippingPages.java:162)
	at com.lat.test.steps.gui.FreeShippingSteps.customer_verify_shipping_cost_as_on_cart_page(FreeShippingSteps.java:67)
	at ✽.Then customer verify shipping cost as "shipping.charge.order.product-freeShipping-2" on cart page(freeShipping.feature:11)
... Removed 34 stack frames]]>
    </failure>
  </testcase> <!-- feature -->
</testsuite> <!-- Surefire test -->
